|   in   |load | address |  out   |
|      0 |  0  |      0  |      0 |
|      0 |  0  |      0  |      0 |
|      0 |  1  |      0  |      0 |
|      0 |  1  |      0  |      0 |
|   4444 |  0  |      0  |      0 |
|   4444 |  0  |      0  |      0 |
|   4444 |  1  |   4444  |      0 |
|   4444 |  1  |   4444  |   4444 |
|   4444 |  0  |      0  |      0 |
|   4444 |  0  |      0  |      0 |
|  13131 |  0  |  13131  |      0 |
|  13131 |  0  |  13131  |      0 |
|  13131 |  1  |  13131  |      0 |
|  13131 |  1  |  13131  |  13131 |
|  13131 |  0  |  13131  |  13131 |
|  13131 |  0  |  13131  |  13131 |
|  13131 |  0  |   4444  |   4444 |
|  16383 |  0  |   4444  |   4444 |
|  16383 |  0  |   4444  |   4444 |
|  16383 |  1  |  16383  |      0 |
|  16383 |  1  |  16383  |  16383 |
|  16383 |  0  |  16383  |  16383 |
|  16383 |  0  |  16383  |  16383 |
|  16383 |  0  |  13131  |  13131 |
|  16383 |  0  |  16383  |  16383 |
|  16383 |  0  |  24576  |     75 |
|     -1 |  1  |  20431  |     -1 |
|     -1 |  1  |  20559  |     -1 |
|     -1 |  0  |  24576  |     89 |
